<?xml version="1.0" encoding="UTF-8"?>
<!-- Generated by org.testng.reporters.JUnitXMLReporter -->
<testsuite hostname="Arun-HP" ignored="0" name="Test" tests="3" failures="0" timestamp="2019-04-08T15:53:20 EDT" time="34.144" errors="0">
  <testcase name="basepagenavigation" time="5.019" classname="com.mycompany.Home_page"/>
  <testcase name="basepagenavigation" time="4.436" classname="com.mycompany.Home_page"/>
  <testcase name="basepagenavigation" time="0.109" classname="com.mycompany.Validate_title"/>
</testsuite> <!-- Test -->
